This is pdfTeX, Version 3.141592653-2.6-1.40.24 (TeX Live 2022) (preloaded format=latex 2022.6.7)  27 MAR 2024 13:41
entering extended mode
 restricted \write18 enabled.
 %&-line parsing enabled.
**\makeatletter\def\HCode{\futurelet\HCode\HChar}\def\HChar{\ifx"\HCode\def\HCo
de"##1"{\Link##1}\expandafter\HCode\else\expandafter\Link\fi}\def\Link#1.a.b.c.
{\g@addto@macro\@documentclasshook{\RequirePackage[#1,html]{tex4ht}}\let\HCode\
documentstyle\def\documentstyle{\let\documentstyle\HCode\expandafter\def\csname
 tex4ht\endcsname{#1,html}\def\HCode####1{\documentstyle[tex4ht,}\@ifnextchar[{
\HCode}{\documentstyle[tex4ht]}}}\makeatother\HCode .a.b.c.\input  ../main.tex
 (../main.tex
(/usr/local/texlive/2022/texmf-dist/tex/latex/base/article.cls
Document Class: article 2021/10/04 v1.4n Standard LaTeX document class
(/usr/local/texlive/2022/texmf-dist/tex/latex/base/size12.clo
File: size12.clo 2021/10/04 v1.4n Standard LaTeX file (size option)
)
\c@part=\count185
\c@section=\count186
\c@subsection=\count187
\c@subsubsection=\count188
\c@paragraph=\count189
\c@subparagraph=\count190
\c@figure=\count191
\c@table=\count192
\abovecaptionskip=\skip47
\belowcaptionskip=\skip48
\bibindent=\dimen138
)
(/usr/local/texlive/2022/texmf-dist/tex/generic/tex4ht/tex4ht.sty
version 2021-09-14-14:11
Package: tex4ht 
--------------------------------------
--- Note --- for _ at preamble, use the command line option `early_'
--------------------------------------
--------------------------------------
--- Note --- for ^ at preamble, use the command line option `early^'
--------------------------------------
\tmp:toks=\toks16
)
(/usr/local/texlive/2022/texmf-dist/tex/generic/tex4ht/usepackage.4ht
version 2022-03-16-14:13
)
(/usr/local/texlive/2022/texmf-dist/tex/latex/base/inputenc.sty
Package: inputenc 2021/02/14 v1.3d Input encoding file
\inpenc@prehook=\toks17
\inpenc@posthook=\toks18
)
(/usr/local/texlive/2022/texmf-dist/tex/latex/graphics/graphicx.sty
Package: graphicx 2021/09/16 v1.2d Enhanced LaTeX Graphics (DPC,SPQR)

(/usr/local/texlive/2022/texmf-dist/tex/latex/graphics/keyval.sty
Package: keyval 2014/10/28 v1.15 key=value parser (DPC)
\KV@toks@=\toks19
)
(/usr/local/texlive/2022/texmf-dist/tex/generic/tex4ht/graphics-hooks.4ht
version 2020-10-17-13:53
)
(/usr/local/texlive/2022/texmf-dist/tex/latex/graphics/graphics.sty
Package: graphics 2021/03/04 v1.4d Standard LaTeX Graphics (DPC,SPQR)

(/usr/local/texlive/2022/texmf-dist/tex/latex/graphics/trig.sty
Package: trig 2021/08/11 v1.11 sin cos tan (DPC)
)
(/usr/local/texlive/2022/texmf-dist/tex/latex/graphics-cfg/graphics.cfg
File: graphics.cfg 2016/06/04 v1.11 sample graphics configuration
)
Package graphics Info: Driver file: dvips.def on input line 107.

(/usr/local/texlive/2022/texmf-dist/tex/latex/graphics-def/dvips.def
File: dvips.def 2017/06/20 v3.1d Graphics/color driver for dvips
))
\Gin@req@height=\dimen139
\Gin@req@width=\dimen140
)
(/usr/local/texlive/2022/texmf-dist/tex/latex/amsmath/amsmath.sty
Package: amsmath 2021/10/15 v2.17l AMS math features
\@mathmargin=\skip49

For additional information on amsmath, use the `?' option.
(/usr/local/texlive/2022/texmf-dist/tex/latex/amsmath/amstext.sty
Package: amstext 2021/08/26 v2.01 AMS text

(/usr/local/texlive/2022/texmf-dist/tex/latex/amsmath/amsgen.sty
File: amsgen.sty 1999/11/30 v2.0 generic functions
\@emptytoks=\toks20
\ex@=\dimen141
))
(/usr/local/texlive/2022/texmf-dist/tex/latex/amsmath/amsbsy.sty
Package: amsbsy 1999/11/29 v1.2d Bold Symbols
\pmbraise@=\dimen142
)
(/usr/local/texlive/2022/texmf-dist/tex/latex/amsmath/amsopn.sty
Package: amsopn 2021/08/26 v2.02 operator names
)
\inf@bad=\count193
LaTeX Info: Redefining \frac on input line 234.
\uproot@=\count194
\leftroot@=\count195
LaTeX Info: Redefining \overline on input line 399.
\classnum@=\count196
\DOTSCASE@=\count197
LaTeX Info: Redefining \ldots on input line 496.
LaTeX Info: Redefining \dots on input line 499.
LaTeX Info: Redefining \cdots on input line 620.
\Mathstrutbox@=\box50
\strutbox@=\box51
\big@size=\dimen143
LaTeX Font Info:    Redeclaring font encoding OML on input line 743.
LaTeX Font Info:    Redeclaring font encoding OMS on input line 744.
\macc@depth=\count198
\c@MaxMatrixCols=\count199
\dotsspace@=\muskip16
\c@parentequation=\count266
\dspbrk@lvl=\count267
\tag@help=\toks21
\row@=\count268
\column@=\count269
\maxfields@=\count270
\andhelp@=\toks22
\eqnshift@=\dimen144
\alignsep@=\dimen145
\tagshift@=\dimen146
\tagwidth@=\dimen147
\totwidth@=\dimen148
\lineht@=\dimen149
\@envbody=\toks23
\multlinegap=\skip50
\multlinetaggap=\skip51
\mathdisplay@stack=\toks24
LaTeX Info: Redefining \[ on input line 2938.
LaTeX Info: Redefining \] on input line 2939.
)
(/usr/local/texlive/2022/texmf-dist/tex/latex/amsfonts/amsfonts.sty
Package: amsfonts 2013/01/14 v3.01 Basic AMSFonts support
\symAMSa=\mathgroup4
\symAMSb=\mathgroup5
LaTeX Font Info:    Redeclaring math symbol \hbar on input line 98.
LaTeX Font Info:    Overwriting math alphabet `\mathfrak' in version `bold'
(Font)                  U/euf/m/n --> U/euf/b/n on input line 106.
)
(/usr/local/texlive/2022/texmf-dist/tex/latex/tocbibind/tocbibind.sty
Package: tocbibind 2010/10/13 v1.5k extra ToC listings
Package tocbibind Info: The document has section divisions on input line 50.


Package tocbibind Note: Using section or other style headings.

) (/usr/local/texlive/2022/texmf-dist/tex/latex/natbib/natbib.sty
Package: natbib 2010/09/13 8.31b (PWD, AO)
\bibhang=\skip52
\bibsep=\skip53
LaTeX Info: Redefining \cite on input line 694.
\c@NAT@ctr=\count271
)
(/usr/local/texlive/2022/texmf-dist/tex/generic/tex4ht/hyperref-hooks.4ht
version 2022-02-22-13:25
)
(/usr/local/texlive/2022/texmf-dist/tex/latex/hyperref/hyperref.sty
Package: hyperref 2022-02-21 v7.00n Hypertext links for LaTeX

(/usr/local/texlive/2022/texmf-dist/tex/generic/ltxcmds/ltxcmds.sty
Package: ltxcmds 2020-05-10 v1.25 LaTeX kernel commands for general use (HO)
)
(/usr/local/texlive/2022/texmf-dist/tex/generic/iftex/iftex.sty
Package: iftex 2022/02/03 v1.0f TeX engine tests
)
(/usr/local/texlive/2022/texmf-dist/tex/generic/pdftexcmds/pdftexcmds.sty
Package: pdftexcmds 2020-06-27 v0.33 Utility functions of pdfTeX for LuaTeX (HO
)

(/usr/local/texlive/2022/texmf-dist/tex/generic/infwarerr/infwarerr.sty
Package: infwarerr 2019/12/03 v1.5 Providing info/warning/error messages (HO)
)
Package pdftexcmds Info: \pdf@primitive is available.
Package pdftexcmds Info: \pdf@ifprimitive is available.
Package pdftexcmds Info: \pdfdraftmode is ignored in DVI mode.
)
(/usr/local/texlive/2022/texmf-dist/tex/generic/kvsetkeys/kvsetkeys.sty
Package: kvsetkeys 2019/12/15 v1.18 Key value parser (HO)
)
(/usr/local/texlive/2022/texmf-dist/tex/generic/kvdefinekeys/kvdefinekeys.sty
Package: kvdefinekeys 2019-12-19 v1.6 Define keys (HO)
)
(/usr/local/texlive/2022/texmf-dist/tex/generic/pdfescape/pdfescape.sty
Package: pdfescape 2019/12/09 v1.15 Implements pdfTeX's escape features (HO)
)
(/usr/local/texlive/2022/texmf-dist/tex/latex/hycolor/hycolor.sty
Package: hycolor 2020-01-27 v1.10 Color options for hyperref/bookmark (HO)
)
(/usr/local/texlive/2022/texmf-dist/tex/latex/letltxmacro/letltxmacro.sty
Package: letltxmacro 2019/12/03 v1.6 Let assignment for LaTeX macros (HO)
)
(/usr/local/texlive/2022/texmf-dist/tex/latex/auxhook/auxhook.sty
Package: auxhook 2019-12-17 v1.6 Hooks for auxiliary files (HO)


Package auxhook Warning: Cannot patch \document,
(auxhook)                using \AtBeginDocument instead.

) (/usr/local/texlive/2022/texmf-dist/tex/latex/kvoptions/kvoptions.sty
Package: kvoptions 2020-10-07 v3.14 Key value format for package options (HO)
)
\@linkdim=\dimen150
\Hy@linkcounter=\count272
\Hy@pagecounter=\count273

(/usr/local/texlive/2022/texmf-dist/tex/latex/hyperref/pd1enc.def
File: pd1enc.def 2022-02-21 v7.00n Hyperref: PDFDocEncoding definition (HO)
Now handling font encoding PD1 ...
... no UTF-8 mapping file for font encoding PD1
)
(/usr/local/texlive/2022/texmf-dist/tex/generic/intcalc/intcalc.sty
Package: intcalc 2019/12/15 v1.3 Expandable calculations with integers (HO)
)
(/usr/local/texlive/2022/texmf-dist/tex/generic/etexcmds/etexcmds.sty
Package: etexcmds 2019/12/15 v1.7 Avoid name clashes with e-TeX commands (HO)
)
\Hy@SavedSpaceFactor=\count274

(/usr/local/texlive/2022/texmf-dist/tex/latex/hyperref/puenc.def
File: puenc.def 2022-02-21 v7.00n Hyperref: PDF Unicode definition (HO)
Now handling font encoding PU ...
... no UTF-8 mapping file for font encoding PU
)
Package hyperref Info: Option `colorlinks' set `true' on input line 4018.
Package hyperref Info: Hyper figures OFF on input line 4137.
Package hyperref Info: Link nesting OFF on input line 4142.
Package hyperref Info: Hyper index ON on input line 4145.
Package hyperref Info: Plain pages OFF on input line 4152.
Package hyperref Info: Backreferencing OFF on input line 4157.
Package hyperref Info: Implicit mode ON; LaTeX internals redefined.
Package hyperref Info: Bookmarks ON on input line 4390.
\c@Hy@tempcnt=\count275

(/usr/local/texlive/2022/texmf-dist/tex/latex/url/url.sty
\Urlmuskip=\muskip17
Package: url 2013/09/16  ver 3.4  Verb mode for urls, etc.
)
LaTeX Info: Redefining \url on input line 4749.
\XeTeXLinkMargin=\dimen151

(/usr/local/texlive/2022/texmf-dist/tex/generic/bitset/bitset.sty
Package: bitset 2019/12/09 v1.3 Handle bit-vector datatype (HO)

(/usr/local/texlive/2022/texmf-dist/tex/generic/bigintcalc/bigintcalc.sty
Package: bigintcalc 2019/12/15 v1.5 Expandable calculations on big integers (HO
)
))
\Fld@menulength=\count276
\Field@Width=\dimen152
\Fld@charsize=\dimen153
\Field@toks=\toks25
Package hyperref Info: Hyper figures OFF on input line 6027.
Package hyperref Info: Link nesting OFF on input line 6032.
Package hyperref Info: Hyper index ON on input line 6035.
Package hyperref Info: backreferencing OFF on input line 6042.
Package hyperref Info: Link coloring ON on input line 6045.
Package hyperref Info: Link coloring with OCG OFF on input line 6052.
Package hyperref Info: PDF/A mode OFF on input line 6057.
LaTeX Info: Redefining \ref on input line 6097.
LaTeX Info: Redefining \pageref on input line 6101.

(/usr/local/texlive/2022/texmf-dist/tex/latex/base/atbegshi-ltx.sty
Package: atbegshi-ltx 2021/01/10 v1.0c Emulation of the original atbegshi
package with kernel methods
)
\Hy@abspage=\count277


Package hyperref Message: Stopped early.

)
Package hyperref Info: Driver: htex4ht.
 (/usr/local/texlive/2022/texmf-dist/tex/latex/hyperref/htex4ht.def
File: htex4ht.def 2022-02-21 v7.00n Hyperref driver for TeX4ht
Package hyperref Info: tex4ht is already loaded.
)
(/usr/local/texlive/2022/texmf-dist/tex/latex/base/ifthen.sty
Package: ifthen 2020/11/24 v1.1c Standard LaTeX ifthen package (DPC)
)
(/usr/local/texlive/2022/texmf-dist/tex/latex/hyperref/nameref.sty
Package: nameref 2021-04-02 v2.47 Cross-referencing by name of section

(/usr/local/texlive/2022/texmf-dist/tex/latex/refcount/refcount.sty
Package: refcount 2019/12/15 v3.6 Data extraction from label references (HO)
)
(/usr/local/texlive/2022/texmf-dist/tex/generic/gettitlestring/gettitlestring.s
ty
Package: gettitlestring 2019/12/15 v1.6 Cleanup title references (HO)
)
\c@section@level=\count278
)
Package hyperref Info: Option `pdfnewwindow' set `true' on input line 42.
Package hyperref Info: Option `colorlinks' set `true' on input line 42.


Package hyperref Warning: Unexpected value `blue'
(hyperref)                of option `hypertexnames' instead of
(hyperref)                `true' or 'false' on input line 42.

(/usr/local/texlive/2022/texmf-dist/tex/generic/tex4ht/tex4ht.4ht
version 2021-06-20-15:33
--------------------------------------
--- Note --- for additional information, use the command line option `info'
--------------------------------------

::::::::::::::::::::::::::::::::::::::::::
 TeX4ht info is available in the log file 
::::::::::::::::::::::::::::::::::::::::::
) (/usr/local/texlive/2022/texmf-dist/tex/generic/tex4ht/tex4ht.sty
version 2021-09-14-14:11

(/usr/local/texlive/2022/texmf-dist/tex/latex/graphics/color.sty
Package: color 2021/12/07 v1.3c Standard LaTeX Color (DPC)

(/usr/local/texlive/2022/texmf-dist/tex/latex/graphics-cfg/color.cfg
File: color.cfg 2016/01/02 v1.6 sample color configuration
)
Package color Info: Driver file: dvips.def on input line 149.

(/usr/local/texlive/2022/texmf-dist/tex/latex/graphics/dvipsnam.def
File: dvipsnam.def 2016/06/17 v3.0m Driver-dependent file (DPC,SPQR)
))
l.855 --- TeX4ht warning --- nonprimitive \everypar ---
--- needs --- tex4ht main ---
\tmp:cnt=\count279
\openout15 = `main.tmp'.

(./main.tmp)
\tmp:dim=\skip54
--------------------------------------
--- Note --- for XML code, use the command line option `xml' or `xhtml'
--------------------------------------
 (./main.xref)
\:refout=\write3
\openout3 = `main.xref'.


(/usr/local/texlive/2022/texmf-dist/tex/generic/tex4ht/html4.4ht
version 2022-03-20-09:15
--------------------------------------
--- Note --- to remove the <?xml version=...?> processing instruction use the c
ommand line option `no-VERSION'
--------------------------------------
--------------------------------------
--- Note --- to remove the DOCTYPE declaration use the command line option `no-
DOCTYPE'
--------------------------------------
)
(/usr/local/texlive/2022/texmf-dist/tex/generic/tex4ht/html4-math.4ht
version 2022-03-08-13:51
)
--------------------------------------
--- Note --- for marking of the base font, use the command line option `fonts+'

--------------------------------------
--------------------------------------
--- Note --- for non active _, use the command line option `no_'
--------------------------------------
--------------------------------------
--- Note --- for _ of catcode 13, use the command line option `_13'
--------------------------------------
--------------------------------------
--- Note --- for non active ^, use the command line option `no^'
--------------------------------------
--------------------------------------
--- Note --- for ^ of catcode 13, use the command line option `^13'
--------------------------------------

(/usr/local/texlive/2022/texmf-dist/tex/generic/tex4ht/html4.4ht
version 2022-03-20-09:15
--------------------------------------
--- Note --- for alternative charset, use the command line option `charset=...'

--------------------------------------
--------------------------------------
--- Note --- to ignore CSS font decoration, use the `NoFonts' command line opti
on
--------------------------------------
--------------------------------------
--- Note --- for jpg bitmaps of pictures, use the `jpg' command line option. (C
haracter bitmaps are controled only by `g' records of tex4ht.env and `-g' switc
hes of tex4ht.c) 
--------------------------------------
--------------------------------------
--- Note --- for gif bitmaps of pictures, use the `gif' command line option. (C
haracter bitmaps are controled only by `g' records of tex4ht.env and `-g' switc
hes of tex4ht.c) 
--------------------------------------
--------------------------------------
--- Note --- for content and toc in 2 frames, use the command line option `fram
es'
--------------------------------------
--------------------------------------
--- Note --- for content, toc, and footnotes in 3 frames, use the command line 
option `frames-fn'
--------------------------------------
--------------------------------------
--- Note --- for file extension name xht, use the command line option `xht'
--------------------------------------
TeX4ht package options: html
--------------------------------------
--- Note --- To print a timestamp, use the command line option timestamp
--------------------------------------
--------------------------------------
--- Note --- to ignore CSS code, use the command line option `-css
--------------------------------------
--------------------------------------
--- Note --- for inline CSS code, use the command line option `css-in'
--------------------------------------
--------------------------------------
--- Note --- for pop ups on mouse over, use the command line option `mouseover'

--------------------------------------
--------------------------------------
--- Note --- for addressing images in a subdirectory, use the command line opti
on `imgdir:.../'
--------------------------------------
)
(/usr/local/texlive/2022/texmf-dist/tex/generic/tex4ht/html4-math.4ht
version 2022-03-08-13:51
)
\:tokwrite=\toks26
\:tokpage=\toks27
--------------------------------------
--- Note --- for back links to toc, use the command line option `sections+'
--------------------------------------
--------------------------------------
--- Note --- for linear crosslinks of pages, use the command line option `next'

--------------------------------------
\openout15 = `main.4ct'.

\:tocout=\write4
\openout4 = `main.4tc'.


(/usr/local/texlive/2022/texmf-dist/tex/generic/tex4ht/html4.4ht
version 2022-03-20-09:15
)
(/usr/local/texlive/2022/texmf-dist/tex/generic/tex4ht/html4-math.4ht
version 2022-03-08-13:51
)
(/usr/local/texlive/2022/texmf-dist/tex/generic/tex4ht/latex.4ht
version 2022-02-01-14:27
LaTeX Info: Redefining \_ on input line 173.
LaTeX Info: Redefining \, on input line 792.
LaTeX Info: Redefining \; on input line 793.
LaTeX Info: Redefining \! on input line 794.
LaTeX Info: Redefining \: on input line 795.
LaTeX Info: Redefining \> on input line 796.
--------------------------------------
--- Note --- for links into captions, instead of float heads, use the command l
ine option `refcaption'
--------------------------------------

(/usr/local/texlive/2022/texmf-dist/tex/generic/tex4ht/html4.4ht
version 2022-03-20-09:15
)
(/usr/local/texlive/2022/texmf-dist/tex/generic/tex4ht/html4-math.4ht
version 2022-03-08-13:51
)
(/usr/local/texlive/2022/texmf-dist/tex/generic/tex4ht/html4.4ht
version 2022-03-20-09:15
--------------------------------------
--- Note --- For mini tocs immediately aftter the header use the command line o
ption `minitoc<'
--------------------------------------
--------------------------------------
--- Note --- for enumerated list elements with valued data, use the command lin
e option `enumerate+'
--------------------------------------
--------------------------------------
--- Note --- for enumerated list elements li's with value attributes, use the c
ommand line option `enumerate-'
--------------------------------------
--------------------------------------
--- Note --- for CSS2 code, use the command line option `css2'
--------------------------------------
--------------------------------------
--- Note --- for pictorial tabular, use the command line option `pic-tabular'
--------------------------------------
--------------------------------------
--- Note --- for bitmap fbox'es, use the command line option `pic-fbox'
--------------------------------------
--------------------------------------
--- Note --- for bitmap framebox'es, use the command line option `pic-framebox'

--------------------------------------
--------------------------------------
--- Note --- for inline footnotes use command line option `fn-in'
--------------------------------------
--------------------------------------
--- Note --- for tracing of latex font commands, use the command line option `f
onts'
--------------------------------------
--------------------------------------
--- Note --- for width specifications of tabular p entries, use the `p-width' c
ommand line option or a configuration similar to \Configure{HColWidth}{\HCode{ 
style="width:\HColWidth"}}
--------------------------------------
)
(/usr/local/texlive/2022/texmf-dist/tex/generic/tex4ht/html4-math.4ht
version 2022-03-08-13:51
--------------------------------------
--- Note --- for pictorial eqnarray, use the command line option `pic-eqnarray'

--------------------------------------
--------------------------------------
--- Note --- for pictorial array, use the command line option `pic-array'
--------------------------------------
--------------------------------------
--- Note --- for pictorial $...$ environments, use the command line option `pic
-m' (not recommended!!)
--------------------------------------
--------------------------------------
--- Note --- for pictorial $...$ and $$...$$ environments with latex alt, use t
he command line option `pic-m+' (not safe!!)
--------------------------------------
--------------------------------------
--- Note --- for pictorial array, use the command line option `pic-array'
--------------------------------------
))
(/usr/local/texlive/2022/texmf-dist/tex/generic/tex4ht/fontmath.4ht
version 2018-11-06-15:55

(/usr/local/texlive/2022/texmf-dist/tex/generic/tex4ht/html4.4ht
version 2022-03-20-09:15
)
(/usr/local/texlive/2022/texmf-dist/tex/generic/tex4ht/html4-math.4ht
version 2022-03-08-13:51
))
(/usr/local/texlive/2022/texmf-dist/tex/generic/tex4ht/article.4ht
version 2022-02-22-13:25

(/usr/local/texlive/2022/texmf-dist/tex/generic/tex4ht/html4.4ht
version 2022-03-20-09:15
--------------------------------------
--- Note --- for automatic sectioning pagination, use the command line option `
1', `2', `3', '4', '5', '6', or '7'
--------------------------------------
--------------------------------------
--- Note --- for files named derived from section titles, use the command line 
option `sec-filename'
--------------------------------------
--------------------------------------
--- Note --- for i-columns index, use the command line option `index=i' (e.g., 
index=2)
--------------------------------------
)
(/usr/local/texlive/2022/texmf-dist/tex/generic/tex4ht/html4-math.4ht
version 2022-03-08-13:51
))
(/usr/local/texlive/2022/texmf-dist/tex/generic/tex4ht/inputenc.4ht
version 2009-05-21-09:32

(/usr/local/texlive/2022/texmf-dist/tex/generic/tex4ht/html4.4ht
version 2022-03-20-09:15
)
(/usr/local/texlive/2022/texmf-dist/tex/generic/tex4ht/html4-math.4ht
version 2022-03-08-13:51
))
(/usr/local/texlive/2022/texmf-dist/tex/generic/tex4ht/graphicx.4ht
version 2022-01-12-13:53

(/usr/local/texlive/2022/texmf-dist/tex/generic/tex4ht/html4.4ht
version 2022-03-20-09:15
)
(/usr/local/texlive/2022/texmf-dist/tex/generic/tex4ht/html4-math.4ht
version 2022-03-08-13:51
))
(/usr/local/texlive/2022/texmf-dist/tex/generic/tex4ht/graphics.4ht
version 2022-03-20-14:29

(/usr/local/texlive/2022/texmf-dist/tex/generic/tex4ht/html4.4ht
version 2022-03-20-09:15
--------------------------------------
--- Note --- if included graphics are of degraded quality, try the command line
 options `graphics-num' or `graphics-'. The `num' should provide the density of
 pixels in the bitmaps (e.g., 110). 
--------------------------------------
--------------------------------------
--- Note --- for key dimensions try the option `Gin-dim'; for key dimensions wh
en bounding box is unavailable try `Gin-dim+'; neither is recommended
--------------------------------------
)
(/usr/local/texlive/2022/texmf-dist/tex/generic/tex4ht/html4-math.4ht
version 2022-03-08-13:51
))
(/usr/local/texlive/2022/texmf-dist/tex/generic/tex4ht/dvips.4ht
version 2009-05-21-09:32

(/usr/local/texlive/2022/texmf-dist/tex/generic/tex4ht/html4.4ht
version 2022-03-20-09:15
)
(/usr/local/texlive/2022/texmf-dist/tex/generic/tex4ht/html4-math.4ht
version 2022-03-08-13:51
))
(/usr/local/texlive/2022/texmf-dist/tex/generic/tex4ht/amsmath.4ht
version 2019-12-29-14:17
\tmp:muskip=\muskip18

(/usr/local/texlive/2022/texmf-dist/tex/generic/tex4ht/html4.4ht
version 2022-03-20-09:15
)
(/usr/local/texlive/2022/texmf-dist/tex/generic/tex4ht/html4-math.4ht
version 2022-03-08-13:51
LaTeX Info: Redefining \[ on input line 504.
LaTeX Info: Redefining \] on input line 504.
))
(/usr/local/texlive/2022/texmf-dist/tex/generic/tex4ht/amstext.4ht
version 2009-05-21-09:32

(/usr/local/texlive/2022/texmf-dist/tex/generic/tex4ht/html4.4ht
version 2022-03-20-09:15
)
(/usr/local/texlive/2022/texmf-dist/tex/generic/tex4ht/html4-math.4ht
version 2022-03-08-13:51
))
(/usr/local/texlive/2022/texmf-dist/tex/generic/tex4ht/amsbsy.4ht
version 2009-05-21-09:32

(/usr/local/texlive/2022/texmf-dist/tex/generic/tex4ht/html4.4ht
version 2022-03-20-09:15
)
(/usr/local/texlive/2022/texmf-dist/tex/generic/tex4ht/html4-math.4ht
version 2022-03-08-13:51
))
(/usr/local/texlive/2022/texmf-dist/tex/generic/tex4ht/amsopn.4ht
version 2009-05-21-09:32

(/usr/local/texlive/2022/texmf-dist/tex/generic/tex4ht/html4.4ht
version 2022-03-20-09:15
)
(/usr/local/texlive/2022/texmf-dist/tex/generic/tex4ht/html4-math.4ht
version 2022-03-08-13:51
))
(/usr/local/texlive/2022/texmf-dist/tex/generic/tex4ht/amsfonts.4ht
version 2009-05-21-09:32

(/usr/local/texlive/2022/texmf-dist/tex/generic/tex4ht/html4.4ht
version 2022-03-20-09:15
)
(/usr/local/texlive/2022/texmf-dist/tex/generic/tex4ht/html4-math.4ht
version 2022-03-08-13:51
))
(/usr/local/texlive/2022/texmf-dist/tex/generic/tex4ht/natbib.4ht
version 2021-06-27-08:11

(/usr/local/texlive/2022/texmf-dist/tex/generic/tex4ht/html4.4ht
version 2022-03-20-09:15
)
(/usr/local/texlive/2022/texmf-dist/tex/generic/tex4ht/html4-math.4ht
version 2022-03-08-13:51
))
(/usr/local/texlive/2022/texmf-dist/tex/generic/tex4ht/hyperref.4ht
version 2021-05-16-13:57
LaTeX Info: Redefining \autoref on input line 88.
\Hy@SectionHShift=\skip55

(/usr/local/texlive/2022/texmf-dist/tex/generic/tex4ht/html4.4ht
version 2022-03-20-09:15
)
(/usr/local/texlive/2022/texmf-dist/tex/generic/tex4ht/html4-math.4ht
version 2022-03-08-13:51
))
(/usr/local/texlive/2022/texmf-dist/tex/generic/tex4ht/pd1enc.4ht
version 2009-05-21-09:32

(/usr/local/texlive/2022/texmf-dist/tex/generic/tex4ht/html4.4ht
version 2022-03-20-09:15
)
(/usr/local/texlive/2022/texmf-dist/tex/generic/tex4ht/html4-math.4ht
version 2022-03-08-13:51
))
(/usr/local/texlive/2022/texmf-dist/tex/generic/tex4ht/url.4ht
version 2022-01-02-14:32

(/usr/local/texlive/2022/texmf-dist/tex/generic/tex4ht/html4.4ht
version 2022-03-20-09:15
--------------------------------------
--- Note --- for URL encoding within href use the command line option `url-enc'

--------------------------------------
)
(/usr/local/texlive/2022/texmf-dist/tex/generic/tex4ht/html4-math.4ht
version 2022-03-08-13:51
))
(/usr/local/texlive/2022/texmf-dist/tex/generic/tex4ht/ifthen.4ht
version 2022-01-02-14:32

(/usr/local/texlive/2022/texmf-dist/tex/generic/tex4ht/html4.4ht
version 2022-03-20-09:15
)
(/usr/local/texlive/2022/texmf-dist/tex/generic/tex4ht/html4-math.4ht
version 2022-03-08-13:51
))
(/usr/local/texlive/2022/texmf-dist/tex/generic/tex4ht/nameref.4ht
version 2021-02-03-14:57

(/usr/local/texlive/2022/texmf-dist/tex/generic/tex4ht/html4.4ht
version 2022-03-20-09:15
)
(/usr/local/texlive/2022/texmf-dist/tex/generic/tex4ht/html4-math.4ht
version 2022-03-08-13:51
))
(/usr/local/texlive/2022/texmf-dist/tex/generic/tex4ht/color.4ht
version 2022-02-01-14:27

(/usr/local/texlive/2022/texmf-dist/tex/generic/tex4ht/html4.4ht
version 2022-03-20-09:15
)
(/usr/local/texlive/2022/texmf-dist/tex/generic/tex4ht/html4-math.4ht
version 2022-03-08-13:51
))
(/usr/local/texlive/2022/texmf-dist/tex/generic/tex4ht/dvipsnam.4ht
version 2009-05-21-09:32

(/usr/local/texlive/2022/texmf-dist/tex/latex/graphics/dvipsnam.def)
(/usr/local/texlive/2022/texmf-dist/tex/generic/tex4ht/html4.4ht
version 2022-03-20-09:15
)
(/usr/local/texlive/2022/texmf-dist/tex/generic/tex4ht/html4-math.4ht
version 2022-03-08-13:51
))
(/usr/local/texlive/2022/texmf-dist/tex/generic/tex4ht/html4.4ht
version 2022-03-20-09:15
)
(/usr/local/texlive/2022/texmf-dist/tex/generic/tex4ht/html4-math.4ht
version 2022-03-08-13:51
))
(/usr/local/texlive/2022/texmf-dist/tex/latex/l3backend/l3backend-dvips.def
File: l3backend-dvips.def 2022-02-07 L3 backend support: dvips
\l__pdf_internal_box=\box52
\g__pdf_backend_object_int=\count280
\l__pdf_backend_content_box=\box53
\l__pdf_backend_model_box=\box54
\g__pdf_backend_annotation_int=\count281
\g__pdf_backend_link_int=\count282
\g__pdf_backend_link_sf_int=\count283
)

LaTeX Warning: Unused global option(s):
    [hyperpdf].

(./main.aux)
\openout1 = `main.aux'.

LaTeX Font Info:    Checking defaults for OML/cmm/m/it on input line 55.
LaTeX Font Info:    ... okay on input line 55.
LaTeX Font Info:    Checking defaults for OMS/cmsy/m/n on input line 55.
LaTeX Font Info:    ... okay on input line 55.
LaTeX Font Info:    Checking defaults for OT1/cmr/m/n on input line 55.
LaTeX Font Info:    ... okay on input line 55.
LaTeX Font Info:    Checking defaults for T1/cmr/m/n on input line 55.
LaTeX Font Info:    ... okay on input line 55.
LaTeX Font Info:    Checking defaults for TS1/cmr/m/n on input line 55.
LaTeX Font Info:    ... okay on input line 55.
LaTeX Font Info:    Checking defaults for OMX/cmex/m/n on input line 55.
LaTeX Font Info:    ... okay on input line 55.
LaTeX Font Info:    Checking defaults for U/cmr/m/n on input line 55.
LaTeX Font Info:    ... okay on input line 55.
LaTeX Font Info:    Checking defaults for PD1/pdf/m/n on input line 55.
LaTeX Font Info:    ... okay on input line 55.
LaTeX Font Info:    Checking defaults for PU/pdf/m/n on input line 55.
LaTeX Font Info:    ... okay on input line 55.
Package hyperref Info: Link coloring ON on input line 55.
LaTeX Info: Redefining \ref on input line 55.
LaTeX Info: Redefining \pageref on input line 55.
LaTeX Info: Redefining \nameref on input line 55.
--- file main.css ---
 [1

] [2]
LaTeX Font Info:    Trying to load font information for U+msa on input line 64.


(/usr/local/texlive/2022/texmf-dist/tex/latex/amsfonts/umsa.fd
File: umsa.fd 2013/01/14 v3.01 AMS symbols A
)
LaTeX Font Info:    Trying to load font information for U+msb on input line 64.


(/usr/local/texlive/2022/texmf-dist/tex/latex/amsfonts/umsb.fd
File: umsb.fd 2013/01/14 v3.01 AMS symbols B
) (./main.4ct
[1]) [2]

Package natbib Warning: Citation `Aoyama:2020ynm' on page 1 undefined on input 
line 97.

[1

] [2]

Package natbib Warning: Citation `FermilabLattice:2022gku' on page 3 undefined 
on input line 121.

[3] [4]

Package natbib Warning: Citation `Detmold:2015aaa' on page 5 undefined on input
 line 142.


Package natbib Warning: Citation `Aaij:2015bfa' on page 5 undefined on input li
ne 143.


Package natbib Warning: Citation `Detmold:2015aaa' on page 5 undefined on input
 line 143.


Package natbib Warning: Citation `Aaij:2015xza' on page 5 undefined on input li
ne 144.


Package natbib Warning: Citation `BESIII:2015ysy' on page 5 undefined on input 
line 145.


Package natbib Warning: Citation `Detmold:2016pkz' on page 5 undefined on input
 line 146.


Package natbib Warning: Citation `Ablikim:2016vqd' on page 5 undefined on input
 line 147.


Package natbib Warning: Citation `Meinel:2016dqj' on page 5 undefined on input 
line 148.


Package natbib Warning: Citation `Aaij:2017svr' on page 5 undefined on input li
ne 149.


Package natbib Warning: Citation `Detmold:2015aaa' on page 5 undefined on input
 line 149.


Package natbib Warning: Citation `Meinel:2017ggx' on page 5 undefined on input 
line 150.


Package natbib Warning: Citation `Aaij:2017nsd' on page 5 undefined on input li
ne 151.


Package natbib Warning: Citation `Aaij:2018gwm' on page 5 undefined on input li
ne 152.

[5]

Package natbib Warning: Citation `Meinel:2020owd' on page 6 undefined on input 
line 153.


Package natbib Warning: Citation `Meinel:2021rbm' on page 6 undefined on input 
line 154.


Package natbib Warning: Citation `Meinel:2021mdj' on page 6 undefined on input 
line 155.


Package natbib Warning: Citation `Meinel:2021grq' on page 6 undefined on input 
line 155.


Package natbib Warning: Citation `LHCb:2022piu' on page 6 undefined on input li
ne 156.


Package natbib Warning: Citation `BESIII:2022qaf' on page 6 undefined on input 
line 157.


Package natbib Warning: Citation `BESIII:2022ysa' on page 6 undefined on input 
line 158.


Package natbib Warning: Citation `LHCb:2023ptw' on page 6 undefined on input li
ne 159.


Package natbib Warning: Citation `BESIII:2023jxv' on page 6 undefined on input 
line 160.

[6]

Package natbib Warning: Citation `KTeV:2010sng' on page 7 undefined on input li
ne 189.

[7]

Package natbib Warning: Citation `Christ:2012se' on page 8 undefined on input l
ine 191.


Package natbib Warning: Citation `Bai:2014cva' on page 8 undefined on input lin
e 191.


Package natbib Warning: Citation `Bai:2018lrm' on page 8 undefined on input lin
e 194.


Package natbib Warning: Citation `Wang:2021twm' on page 8 undefined on input li
ne 194.


Package natbib Warning: Citation `ParticleDataGroup:2022pth' on page 8 undefine
d on input line 219.

[8]

Package natbib Warning: Citation `Christ:2015phf' on page 9 undefined on input 
line 229.

[9]

Package natbib Warning: Citation `NA48:2001bct' on page 10 undefined on input l
ine 253.


Package natbib Warning: Citation `Li:2008kc' on page 10 undefined on input line
 255.

[10]

Package natbib Warning: Citation `KTeV:2010sng' on page 11 undefined on input l
ine 256.


Package natbib Warning: Citation `Blum:2011pu' on page 11 undefined on input li
ne 257.


Package natbib Warning: Citation `Blum:2011ng' on page 11 undefined on input li
ne 258.


Package natbib Warning: Citation `Blum:2012uk' on page 11 undefined on input li
ne 258.


Package natbib Warning: Citation `Blum:2015ywa' on page 11 undefined on input l
ine 259.


Package natbib Warning: Citation `RBC:2015gro' on page 11 undefined on input li
ne 259.


Package natbib Warning: Citation `RBC:2020kdj' on page 11 undefined on input li
ne 260.

[11]

Package natbib Warning: Citation `Luscher:1990ck' on page 12 undefined on input
 line 278.


Package natbib Warning: Citation `Bulava:2011yz' on page 12 undefined on input 
line 278.


Package natbib Warning: Citation `Lellouch:2000pv' on page 12 undefined on inpu
t line 279.


Package natbib Warning: Citation `NA48:2001bct' on page 12 undefined on input l
ine 290.

[12]

Package natbib Warning: Citation `Li:2008kc' on page 13 undefined on input line
 292.


Package natbib Warning: Citation `KTeV:2010sng' on page 13 undefined on input l
ine 293.


Package natbib Warning: Citation `Blum:2011pu' on page 13 undefined on input li
ne 294.


Package natbib Warning: Citation `Blum:2011ng' on page 13 undefined on input li
ne 295.


Package natbib Warning: Citation `Blum:2012uk' on page 13 undefined on input li
ne 295.


Package natbib Warning: Citation `Blum:2015ywa' on page 13 undefined on input l
ine 296.


Package natbib Warning: Citation `RBC:2015gro' on page 13 undefined on input li
ne 296.


Package natbib Warning: Citation `RBC:2020kdj' on page 13 undefined on input li
ne 297.


Package natbib Warning: Citation `RBC:2023xqv' on page 13 undefined on input li
ne 298.

[13] [14]

Package natbib Warning: Citation `Christ:2017pze' on page 15 undefined on input
 line 316.


Package natbib Warning: Citation `Christ:2021guf' on page 15 undefined on input
 line 317.


Package natbib Warning: Citation `Cirigliano:2019cpi' on page 15 undefined on i
nput line 318.

[15]

Package natbib Warning: Citation `E871:2000wvm' on page 16 undefined on input l
ine 348.


Package natbib Warning: Citation `Christ:2020bzb' on page 16 undefined on input
 line 349.


Package natbib Warning: Citation `Christ:2020dae' on page 16 undefined on input
 line 351.


Package natbib Warning: Citation `Christ:2022rho' on page 16 undefined on input
 line 351.


Package natbib Warning: Citation `Zhao:2022pbs' on page 16 undefined on input l
ine 355.


Package natbib Warning: Citation `Zhao:2022njd' on page 16 undefined on input l
ine 355.

[16]

Package natbib Warning: Citation `Feng:2018qpx' on page 17 undefined on input l
ine 371.

l. 372 Writing main.idv[1] (main0x.png)
[17]

Package natbib Warning: Citation `Christ:2023lcc' on page 18 undefined on input
 line 386.

l. 387 Writing main.idv[2] (main1x.png)
[18]
l. 416 Writing main.idv[3] (main2x.png)


Package natbib Warning: Citation `Hasenfratz:2023bok' on page 19 undefined on i
nput line 428.


Package natbib Warning: Citation `Wong:2023jvr' on page 19 undefined on input l
ine 428.

[19]

Package natbib Warning: Citation `Dudek:2013yja' on page 20 undefined on input 
line 462.

[20]

Package natbib Warning: Citation `Wilson:2015dqa' on page 21 undefined on input
 line 464.


Package natbib Warning: Citation `JPAC:2018zyd' on page 21 undefined on input l
ine 466.


Package natbib Warning: Citation `Hansen:2020otl' on page 21 undefined on input
 line 467.


Package natbib Warning: Citation `Woss:2020ayi' on page 21 undefined on input l
ine 468.

[21]

Package natbib Warning: Citation `Briceno:2015dca' on page 22 undefined on inpu
t line 495.


Package natbib Warning: Citation `Radhakrishnan:2022ubg' on page 22 undefined o
n input line 497.

[22]

Package natbib Warning: Citation `Edwards:2011jj' on page 23 undefined on input
 line 521.


Package natbib Warning: Citation `Dudek:2012ag' on page 23 undefined on input l
ine 521.


Package natbib Warning: Citation `Edwards:2012fx' on page 23 undefined on input
 line 521.

[23] [24] [25] [26] [27] [28] [29]

Package natbib Warning: Citation `Lin:2019pia' on page 30 undefined on input li
ne 644.


Package natbib Warning: Citation `Lin:2020wko' on page 30 undefined on input li
ne 645.


Package natbib Warning: Citation `Lin:2020wko' on page 30 undefined on input li
ne 647.

[30] [31] [32] [33]

Package natbib Warning: Citation `Izubuchi:2019lyk' on page 34 undefined on inp
ut line 765.


Package natbib Warning: Citation `Gao:2020ito' on page 34 undefined on input li
ne 766.


Package natbib Warning: Citation `Gao:2021hvs' on page 34 undefined on input li
ne 767.


Package natbib Warning: Citation `Gao:2021xsm' on page 34 undefined on input li
ne 768.


Package natbib Warning: Citation `Gao:2022vyh' on page 34 undefined on input li
ne 769.


Package natbib Warning: Citation `Gao:2021dbh' on page 34 undefined on input li
ne 770.

[34]

Package natbib Warning: Citation `Gao:2022iex' on page 35 undefined on input li
ne 771.


Package natbib Warning: Citation `Gao:2022uhg' on page 35 undefined on input li
ne 772.


Package natbib Warning: Citation `Gao:2023ktu' on page 35 undefined on input li
ne 773.

[35]

Package natbib Warning: Citation `Orginos:2017kos' on page 36 undefined on inpu
t line 813.


Package natbib Warning: Citation `Joo:2020spy' on page 36 undefined on input li
ne 815.


Package natbib Warning: Citation `HadStruc:2021wmh' on page 36 undefined on inp
ut line 817.


Package natbib Warning: Citation `HadStruc:2022yaw' on page 36 undefined on inp
ut line 819.

[36]

Package natbib Warning: Citation `JeffersonLabAngularMomentumJAM:2022aix' on pa
ge 37 undefined on input line 821.

[37] [38]

Package natbib Warning: Citation `Shanahan:2019zcq' on page 39 undefined on inp
ut line 897.

[39]

Package natbib Warning: Citation `Shanahan:2020zxr' on page 40 undefined on inp
ut line 900.


Package natbib Warning: Citation `Shanahan:2021tst' on page 40 undefined on inp
ut line 903.


Package natbib Warning: Citation `Avkhadiev:2023poz' on page 40 undefined on in
put line 906.


Package natbib Warning: Citation `Avkhadiev:2024mgd' on page 40 undefined on in
put line 907.

[40] [41] [42]

Package natbib Warning: Citation `Liu:1993cv' on page 43 undefined on input lin
e 987.


Package natbib Warning: Citation `Liu:1999ak' on page 43 undefined on input lin
e 987.


Package natbib Warning: Citation `Liu:1993cv' on page 43 undefined on input lin
e 1012.


Package natbib Warning: Citation `Liu:1999ak' on page 43 undefined on input lin
e 1015.


Package natbib Warning: Citation `Liu:2017lpe' on page 43 undefined on input li
ne 1017.


Package natbib Warning: Citation `Liang:2019frk' on page 43 undefined on input 
line 1021.

[43]

Package natbib Warning: Citation `Liang:2020sqi' on page 44 undefined on input 
line 1026.


Package natbib Warning: Citation `Liu:2020okp' on page 44 undefined on input li
ne 1029.


Package natbib Warning: Citation `Hou:2022ajg' on page 44 undefined on input li
ne 1032.

[44]

Package natbib Warning: Citation `Hansen:2017mnd' on page 45 undefined on input
 line 1061.


Package natbib Warning: Citation `Hansen:2019idp' on page 45 undefined on input
 line 1062.

[45] [46] [47] [48] [49] [50] [51]

Package natbib Warning: Citation `Fodor:2020niv' on page 52 undefined on input 
line 1221.


Package natbib Warning: Citation `LatticeStrongDynamics:2020uwo' on page 52 und
efined on input line 1221.


Package natbib Warning: Citation `Hasenfratz:2023sqa' on page 52 undefined on i
nput line 1221.


Package natbib Warning: Citation `LSD:2023uzj' on page 52 undefined on input li
ne 1221.


Package natbib Warning: Citation `Hasenfratz:2023sqa' on page 52 undefined on i
nput line 1225.

[52]

Package natbib Warning: Citation `Fodor:2017die' on page 53 undefined on input 
line 1251.


Package natbib Warning: Citation `Hasenfratz:2019hpg' on page 53 undefined on i
nput line 1251.


Package natbib Warning: Citation `Hasenfratz:2022wll' on page 53 undefined on i
nput line 1252.

[53] [54] [55]

Package natbib Warning: Citation `Catterall:2020lsi' on page 56 undefined on in
put line 1306.

[56]

Package natbib Warning: Citation `Asaduzzaman:2020hjl' on page 57 undefined on 
input line 1323.


Package natbib Warning: Citation `Butt:2021koj' on page 57 undefined on input l
ine 1338.


Package natbib Warning: Citation `Hasenfratz:2022qan' on page 57 undefined on i
nput line 1338.


Package natbib Warning: Citation `Catterall:2022jky' on page 57 undefined on in
put line 1342.

[57]

Package natbib Warning: Citation `Brower:2019kyh' on page 58 undefined on input
 line 1362.


Package natbib Warning: Citation `Brower:2020jqj' on page 58 undefined on input
 line 1362.


Package natbib Warning: Citation `Cogburn:2022yyb' on page 58 undefined on inpu
t line 1362.


Package natbib Warning: Citation `Brower:2022cwv' on page 58 undefined on input
 line 1368.


Package natbib Warning: Citation `Owen:2023' on page 58 undefined on input line
 1368.


Package natbib Warning: Citation `Boyle:2016lbp' on page 58 undefined on input 
line 1373.


Package natbib Warning: Citation `LSD:2023uzj' on page 58 undefined on input li
ne 1377.


Package natbib Warning: Citation `LatticeStrongDynamics:2020jwi' on page 58 und
efined on input line 1377.

[58]
No file main.bbl.

Package natbib Warning: There were undefined citations.

[59] (./main.aux) ) 
Here is how much of TeX's memory you used:
 13516 strings out of 478269
 196792 string characters out of 5846374
 611844 words of memory out of 5000000
 31457 multiletter control sequences out of 15000+600000
 478875 words of font info for 65 fonts, out of 8000000 for 9000
 1141 hyphenation exceptions out of 8191
 66i,7n,88p,1244b,566s stack positions out of 10000i,1000n,20000p,200000b,200000s

Output written on main.dvi (63 pages, 200840 bytes).
